{"/Users/rizkybayuoktavian/Desktop/PLAYGROUND/launches-pairing/pages/index.tsx": {"path":"/Users/rizkybayuoktavian/Desktop/PLAYGROUND/launches-pairing/pages/index.tsx","statementMap":{"0":{"start":{"line":82,"column":13},"end":{"line":82,"column":31}},"1":{"start":{"line":94,"column":0},"end":{"line":94,"column":15}},"2":{"start":{"line":1,"column":19},"end":{"line":1,"column":null}},"3":{"start":{"line":4,"column":23},"end":{"line":4,"column":null}},"4":{"start":{"line":5,"column":19},"end":{"line":5,"column":null}},"5":{"start":{"line":6,"column":19},"end":{"line":6,"column":null}},"6":{"start":{"line":7,"column":17},"end":{"line":7,"column":null}},"7":{"start":{"line":8,"column":19},"end":{"line":8,"column":null}},"8":{"start":{"line":14,"column":17},"end":{"line":80,"column":null}},"9":{"start":{"line":16,"column":26},"end":{"line":21,"column":null}},"10":{"start":{"line":17,"column":20},"end":{"line":17,"column":null}},"11":{"start":{"line":18,"column":4},"end":{"line":20,"column":5}},"12":{"start":{"line":19,"column":6},"end":{"line":19,"column":null}},"13":{"start":{"line":60,"column":12},"end":{"line":61,"column":null}},"14":{"start":{"line":82,"column":61},"end":{"line":92,"column":null}},"15":{"start":{"line":83,"column":14},"end":{"line":83,"column":null}},"16":{"start":{"line":84,"column":29},"end":{"line":84,"column":null}},"17":{"start":{"line":85,"column":15},"end":{"line":85,"column":null}},"18":{"start":{"line":85,"column":39},"end":{"line":85,"column":84}},"19":{"start":{"line":87,"column":2},"end":{"line":91,"column":null}},"20":{"start":{"line":94,"column":15},"end":{"line":94,"column":24}}},"fnMap":{"0":{"name":"(anonymous_1)","decl":{"start":{"line":82,"column":31},"end":{"line":82,"column":61}},"loc":{"start":{"line":82,"column":13},"end":{"line":82,"column":31}}},"1":{"name":"(anonymous_2)","decl":{"start":{"line":94,"column":24},"end":{"line":94,"column":null}},"loc":{"start":{"line":94,"column":0},"end":{"line":94,"column":15}}},"2":{"name":"(anonymous_4)","decl":{"start":{"line":14,"column":17},"end":{"line":14,"column":18}},"loc":{"start":{"line":14,"column":42},"end":{"line":80,"column":null}}},"3":{"name":"(anonymous_5)","decl":{"start":{"line":16,"column":26},"end":{"line":16,"column":32}},"loc":{"start":{"line":16,"column":32},"end":{"line":21,"column":null}}},"4":{"name":"(anonymous_6)","decl":{"start":{"line":59,"column":24},"end":{"line":59,"column":25}},"loc":{"start":{"line":60,"column":12},"end":{"line":61,"column":null}}},"5":{"name":"(anonymous_7)","decl":{"start":{"line":70,"column":23},"end":{"line":70,"column":29}},"loc":{"start":{"line":70,"column":29},"end":{"line":70,"column":null}}},"6":{"name":"(anonymous_8)","decl":{"start":{"line":82,"column":61},"end":{"line":82,"column":73}},"loc":{"start":{"line":82,"column":73},"end":{"line":92,"column":null}}},"7":{"name":"(anonymous_9)","decl":{"start":{"line":85,"column":29},"end":{"line":85,"column":30}},"loc":{"start":{"line":85,"column":39},"end":{"line":85,"column":84}}}},"branchMap":{"0":{"loc":{"start":{"line":18,"column":4},"end":{"line":20,"column":5}},"type":"if","locations":[{"start":{"line":18,"column":4},"end":{"line":20,"column":5}}]},"1":{"loc":{"start":{"line":67,"column":21},"end":{"line":67,"column":null}},"type":"binary-expr","locations":[{"start":{"line":67,"column":21},"end":{"line":67,"column":45}},{"start":{"line":67,"column":49},"end":{"line":67,"column":null}}]}},"s":{"0":0,"1":2,"2":1,"3":1,"4":1,"5":1,"6":1,"7":1,"8":1,"9":2,"10":0,"11":0,"12":0,"13":6,"14":1,"15":0,"16":0,"17":0,"18":0,"19":0,"20":1},"f":{"0":0,"1":2,"2":2,"3":0,"4":6,"5":0,"6":0,"7":0},"b":{"0":[0],"1":[6,0]}}
,"/Users/rizkybayuoktavian/Desktop/PLAYGROUND/launches-pairing/src/components/Footer.tsx": {"path":"/Users/rizkybayuoktavian/Desktop/PLAYGROUND/launches-pairing/src/components/Footer.tsx","statementMap":{"0":{"start":{"line":13,"column":0},"end":{"line":13,"column":15}},"1":{"start":{"line":1,"column":18},"end":{"line":1,"column":null}},"2":{"start":{"line":13,"column":15},"end":{"line":13,"column":null}}},"fnMap":{"0":{"name":"(anonymous_0)","decl":{"start":{"line":13,"column":0},"end":{"line":13,"column":15}},"loc":{"start":{"line":13,"column":0},"end":{"line":13,"column":15}}},"1":{"name":"Footer","decl":{"start":{"line":3,"column":9},"end":{"line":3,"column":18}},"loc":{"start":{"line":3,"column":18},"end":{"line":11,"column":null}}}},"branchMap":{},"s":{"0":3,"1":2,"2":2},"f":{"0":3,"1":3},"b":{}}
,"/Users/rizkybayuoktavian/Desktop/PLAYGROUND/launches-pairing/src/components/Header.tsx": {"path":"/Users/rizkybayuoktavian/Desktop/PLAYGROUND/launches-pairing/src/components/Header.tsx","statementMap":{"0":{"start":{"line":21,"column":0},"end":{"line":21,"column":15}},"1":{"start":{"line":1,"column":18},"end":{"line":1,"column":null}},"2":{"start":{"line":7,"column":34},"end":{"line":19,"column":null}},"3":{"start":{"line":21,"column":15},"end":{"line":21,"column":null}}},"fnMap":{"0":{"name":"(anonymous_0)","decl":{"start":{"line":21,"column":0},"end":{"line":21,"column":15}},"loc":{"start":{"line":21,"column":0},"end":{"line":21,"column":15}}},"1":{"name":"(anonymous_2)","decl":{"start":{"line":7,"column":34},"end":{"line":7,"column":35}},"loc":{"start":{"line":7,"column":49},"end":{"line":19,"column":null}}}},"branchMap":{},"s":{"0":4,"1":2,"2":2,"3":2},"f":{"0":4,"1":4},"b":{}}
,"/Users/rizkybayuoktavian/Desktop/PLAYGROUND/launches-pairing/src/components/buttons/Button.tsx": {"path":"/Users/rizkybayuoktavian/Desktop/PLAYGROUND/launches-pairing/src/components/buttons/Button.tsx","statementMap":{"0":{"start":{"line":28,"column":0},"end":{"line":28,"column":15}},"1":{"start":{"line":1,"column":18},"end":{"line":1,"column":null}},"2":{"start":{"line":2,"column":17},"end":{"line":2,"column":null}},"3":{"start":{"line":10,"column":34},"end":{"line":26,"column":null}},"4":{"start":{"line":28,"column":15},"end":{"line":28,"column":null}}},"fnMap":{"0":{"name":"(anonymous_0)","decl":{"start":{"line":28,"column":0},"end":{"line":28,"column":15}},"loc":{"start":{"line":28,"column":0},"end":{"line":28,"column":15}}},"1":{"name":"(anonymous_2)","decl":{"start":{"line":10,"column":34},"end":{"line":10,"column":35}},"loc":{"start":{"line":10,"column":67},"end":{"line":26,"column":null}}}},"branchMap":{},"s":{"0":5,"1":2,"2":2,"3":2,"4":2},"f":{"0":5,"1":5},"b":{}}
,"/Users/rizkybayuoktavian/Desktop/PLAYGROUND/launches-pairing/src/components/cards/RocketCard.tsx": {"path":"/Users/rizkybayuoktavian/Desktop/PLAYGROUND/launches-pairing/src/components/cards/RocketCard.tsx","statementMap":{"0":{"start":{"line":53,"column":0},"end":{"line":53,"column":15}},"1":{"start":{"line":1,"column":18},"end":{"line":1,"column":null}},"2":{"start":{"line":18,"column":42},"end":{"line":51,"column":null}},"3":{"start":{"line":19,"column":2},"end":{"line":19,"column":null}},"4":{"start":{"line":33,"column":12},"end":{"line":34,"column":31}},"5":{"start":{"line":53,"column":15},"end":{"line":53,"column":null}}},"fnMap":{"0":{"name":"(anonymous_0)","decl":{"start":{"line":53,"column":0},"end":{"line":53,"column":15}},"loc":{"start":{"line":53,"column":0},"end":{"line":53,"column":15}}},"1":{"name":"(anonymous_2)","decl":{"start":{"line":18,"column":42},"end":{"line":18,"column":43}},"loc":{"start":{"line":18,"column":131},"end":{"line":51,"column":null}}},"2":{"name":"(anonymous_3)","decl":{"start":{"line":32,"column":24},"end":{"line":32,"column":25}},"loc":{"start":{"line":32,"column":41},"end":{"line":40,"column":null}}}},"branchMap":{"0":{"loc":{"start":{"line":29,"column":69},"end":{"line":29,"column":null}},"type":"binary-expr","locations":[{"start":{"line":29,"column":69},"end":{"line":29,"column":78}},{"start":{"line":29,"column":78},"end":{"line":29,"column":null}}]},"1":{"loc":{"start":{"line":30,"column":70},"end":{"line":30,"column":109}},"type":"cond-expr","locations":[{"start":{"line":30,"column":82},"end":{"line":30,"column":97}},{"start":{"line":30,"column":97},"end":{"line":30,"column":109}}]},"2":{"loc":{"start":{"line":31,"column":11},"end":{"line":31,"column":25}},"type":"binary-expr","locations":[{"start":{"line":31,"column":11},"end":{"line":31,"column":25}}]},"3":{"loc":{"start":{"line":31,"column":96},"end":{"line":31,"column":149}},"type":"cond-expr","locations":[{"start":{"line":31,"column":128},"end":{"line":31,"column":133}},{"start":{"line":31,"column":133},"end":{"line":31,"column":149}}]},"4":{"loc":{"start":{"line":31,"column":96},"end":{"line":31,"column":128}},"type":"binary-expr","locations":[{"start":{"line":31,"column":96},"end":{"line":31,"column":107}},{"start":{"line":31,"column":107},"end":{"line":31,"column":128}}]},"5":{"loc":{"start":{"line":32,"column":11},"end":{"line":40,"column":null}},"type":"cond-expr","locations":[{"start":{"line":32,"column":11},"end":{"line":32,"column":20}},{"start":{"line":32,"column":11},"end":{"line":40,"column":null}}]},"6":{"loc":{"start":{"line":32,"column":11},"end":{"line":32,"column":20}},"type":"binary-expr","locations":[{"start":{"line":32,"column":11},"end":{"line":32,"column":20}},{"start":{"line":32,"column":11},"end":{"line":32,"column":20}}]},"7":{"loc":{"start":{"line":36,"column":79},"end":{"line":36,"column":null}},"type":"binary-expr","locations":[{"start":{"line":36,"column":79},"end":{"line":36,"column":92}},{"start":{"line":36,"column":96},"end":{"line":36,"column":null}}]},"8":{"loc":{"start":{"line":46,"column":13},"end":{"line":46,"column":88}},"type":"cond-expr","locations":[{"start":{"line":46,"column":32},"end":{"line":46,"column":40}},{"start":{"line":46,"column":40},"end":{"line":46,"column":88}}]}},"s":{"0":10,"1":2,"2":2,"3":10,"4":5,"5":2},"f":{"0":10,"1":10,"2":5},"b":{"0":[10,0],"1":[5,5],"2":[10],"3":[5,0],"4":[5,5],"5":[3,7],"6":[10,10],"7":[5,2],"8":[9,1]}}
}
