TN:
SF:pages/index.tsx
FN:82,(anonymous_1)
FN:94,(anonymous_2)
FN:14,(anonymous_4)
FN:16,(anonymous_5)
FN:59,(anonymous_6)
FN:70,(anonymous_7)
FN:82,(anonymous_8)
FN:85,(anonymous_9)
FNF:8
FNH:3
FNDA:0,(anonymous_1)
FNDA:2,(anonymous_2)
FNDA:2,(anonymous_4)
FNDA:0,(anonymous_5)
FNDA:6,(anonymous_6)
FNDA:0,(anonymous_7)
FNDA:0,(anonymous_8)
FNDA:0,(anonymous_9)
DA:1,1
DA:4,1
DA:5,1
DA:6,1
DA:7,1
DA:8,1
DA:14,1
DA:16,2
DA:17,0
DA:18,0
DA:19,0
DA:60,6
DA:82,1
DA:83,0
DA:84,0
DA:85,0
DA:87,0
DA:94,2
LF:18
LH:11
BRDA:18,0,0,0
BRDA:67,1,0,6
BRDA:67,1,1,0
BRF:3
BRH:1
end_of_record
TN:
SF:src/components/Footer.tsx
FN:13,(anonymous_0)
FN:3,Footer
FNF:2
FNH:2
FNDA:3,(anonymous_0)
FNDA:3,Footer
DA:1,2
DA:13,3
LF:2
LH:2
BRF:0
BRH:0
end_of_record
TN:
SF:src/components/Header.tsx
FN:21,(anonymous_0)
FN:7,(anonymous_2)
FNF:2
FNH:2
FNDA:4,(anonymous_0)
FNDA:4,(anonymous_2)
DA:1,2
DA:7,2
DA:21,4
LF:3
LH:3
BRF:0
BRH:0
end_of_record
TN:
SF:src/components/buttons/Button.tsx
FN:28,(anonymous_0)
FN:10,(anonymous_2)
FNF:2
FNH:2
FNDA:5,(anonymous_0)
FNDA:5,(anonymous_2)
DA:1,2
DA:2,2
DA:10,2
DA:28,5
LF:4
LH:4
BRF:0
BRH:0
end_of_record
TN:
SF:src/components/cards/RocketCard.tsx
FN:53,(anonymous_0)
FN:18,(anonymous_2)
FN:32,(anonymous_3)
FNF:3
FNH:3
FNDA:10,(anonymous_0)
FNDA:10,(anonymous_2)
FNDA:5,(anonymous_3)
DA:1,2
DA:18,2
DA:19,10
DA:33,5
DA:53,10
LF:5
LH:5
BRDA:29,0,0,10
BRDA:29,0,1,0
BRDA:30,1,0,5
BRDA:30,1,1,5
BRDA:31,2,0,10
BRDA:31,3,0,5
BRDA:31,3,1,0
BRDA:31,4,0,5
BRDA:31,4,1,5
BRDA:32,5,0,3
BRDA:32,5,1,7
BRDA:32,6,0,10
BRDA:32,6,1,10
BRDA:36,7,0,5
BRDA:36,7,1,2
BRDA:46,8,0,9
BRDA:46,8,1,1
BRF:17
BRH:15
end_of_record
